[DIAG] Stress mode: 25 loops (RUN_ONLY=1)
[DIAG] Stress iteration 1/25 start
[DEBUG] Cleanup: start
[DOM_CLEANUP] wrappers=2540 nodes=2540
[DOM_CLEANUP] after clear wrappers=0 nodes=0
[DEBUG] Freeing JSContext and JSRuntime
[DEBUG] Cleanup: end
[DIAG] Stress iteration 1/25 end
[DIAG] Stress iteration 2/25 start
[DEBUG] Cleanup: start
[DOM_CLEANUP] wrappers=2540 nodes=2540
[DOM_CLEANUP] after clear wrappers=0 nodes=0
[DEBUG] Freeing JSContext and JSRuntime
[DEBUG] Cleanup: end
[DIAG] Stress iteration 2/25 end
[DIAG] Stress iteration 3/25 start
[DEBUG] Cleanup: start
[DOM_CLEANUP] wrappers=2540 nodes=2540
[DOM_CLEANUP] after clear wrappers=0 nodes=0
[DEBUG] Freeing JSContext and JSRuntime
[DEBUG] Cleanup: end
[DIAG] Stress iteration 3/25 end
[DIAG] Stress iteration 4/25 start
[DEBUG] Cleanup: start
[DOM_CLEANUP] wrappers=2540 nodes=2540
[DOM_CLEANUP] after clear wrappers=0 nodes=0
[DEBUG] Freeing JSContext and JSRuntime
[DEBUG] Cleanup: end
[DIAG] Stress iteration 4/25 end
[DIAG] Stress iteration 5/25 start
[DEBUG] Cleanup: start
[DOM_CLEANUP] wrappers=2540 nodes=2540
[DOM_CLEANUP] after clear wrappers=0 nodes=0
[DEBUG] Freeing JSContext and JSRuntime
[DEBUG] Cleanup: end
[DIAG] Stress iteration 5/25 end
[DIAG] Stress iteration 6/25 start
[DEBUG] Cleanup: start
[DOM_CLEANUP] wrappers=2540 nodes=2540
[DOM_CLEANUP] after clear wrappers=0 nodes=0
[DEBUG] Freeing JSContext and JSRuntime
[DEBUG] Cleanup: end
[DIAG] Stress iteration 6/25 end
[DIAG] Stress iteration 7/25 start
[DEBUG] Cleanup: start
[DOM_CLEANUP] wrappers=2540 nodes=2540
[DOM_CLEANUP] after clear wrappers=0 nodes=0
[DEBUG] Freeing JSContext and JSRuntime
[DEBUG] Cleanup: end
[DIAG] Stress iteration 7/25 end
[DIAG] Stress iteration 8/25 start
[DEBUG] Cleanup: start
[DOM_CLEANUP] wrappers=2540 nodes=2540
[DOM_CLEANUP] after clear wrappers=0 nodes=0
[DEBUG] Freeing JSContext and JSRuntime
[DEBUG] Cleanup: end
[DIAG] Stress iteration 8/25 end
[DIAG] Stress iteration 9/25 start
[DEBUG] Cleanup: start
[DOM_CLEANUP] wrappers=2540 nodes=2540
[DOM_CLEANUP] after clear wrappers=0 nodes=0
[DEBUG] Freeing JSContext and JSRuntime
[DEBUG] Cleanup: end
[DIAG] Stress iteration 9/25 end
[DIAG] Stress iteration 10/25 start
[DEBUG] Cleanup: start
[DOM_CLEANUP] wrappers=2540 nodes=2540
[DOM_CLEANUP] after clear wrappers=0 nodes=0
[DEBUG] Freeing JSContext and JSRuntime
[DEBUG] Cleanup: end
[DIAG] Stress iteration 10/25 end
[DIAG] Stress iteration 11/25 start
[DEBUG] Cleanup: start
[DOM_CLEANUP] wrappers=2540 nodes=2540
[DOM_CLEANUP] after clear wrappers=0 nodes=0
[DEBUG] Freeing JSContext and JSRuntime
[DEBUG] Cleanup: end
[DIAG] Stress iteration 11/25 end
[DIAG] Stress iteration 12/25 start
[DEBUG] Cleanup: start
[DOM_CLEANUP] wrappers=2540 nodes=2540
[DOM_CLEANUP] after clear wrappers=0 nodes=0
[DEBUG] Freeing JSContext and JSRuntime
[DEBUG] Cleanup: end
[DIAG] Stress iteration 12/25 end
[DIAG] Stress iteration 13/25 start
[DEBUG] Cleanup: start
[DOM_CLEANUP] wrappers=2540 nodes=2540
[DOM_CLEANUP] after clear wrappers=0 nodes=0
[DEBUG] Freeing JSContext and JSRuntime
[DEBUG] Cleanup: end
[DIAG] Stress iteration 13/25 end
[DIAG] Stress iteration 14/25 start
[DEBUG] Cleanup: start
[DOM_CLEANUP] wrappers=2540 nodes=2540
[DOM_CLEANUP] after clear wrappers=0 nodes=0
[DEBUG] Freeing JSContext and JSRuntime
[DEBUG] Cleanup: end
[DIAG] Stress iteration 14/25 end
[DIAG] Stress iteration 15/25 start
[DEBUG] Cleanup: start
[DOM_CLEANUP] wrappers=2540 nodes=2540
[DOM_CLEANUP] after clear wrappers=0 nodes=0
[DEBUG] Freeing JSContext and JSRuntime
[DEBUG] Cleanup: end
[DIAG] Stress iteration 15/25 end
[DIAG] Stress iteration 16/25 start
[DEBUG] Cleanup: start
[DOM_CLEANUP] wrappers=2540 nodes=2540
[DOM_CLEANUP] after clear wrappers=0 nodes=0
[DEBUG] Freeing JSContext and JSRuntime
[DEBUG] Cleanup: end
[DIAG] Stress iteration 16/25 end
[DIAG] Stress iteration 17/25 start
[DEBUG] Cleanup: start
[DOM_CLEANUP] wrappers=2540 nodes=2540
[DOM_CLEANUP] after clear wrappers=0 nodes=0
[DEBUG] Freeing JSContext and JSRuntime
[DEBUG] Cleanup: end
[DIAG] Stress iteration 17/25 end
[DIAG] Stress iteration 18/25 start
[DEBUG] Cleanup: start
[DOM_CLEANUP] wrappers=2540 nodes=2540
[DOM_CLEANUP] after clear wrappers=0 nodes=0
[DEBUG] Freeing JSContext and JSRuntime
[DEBUG] Cleanup: end
[DIAG] Stress iteration 18/25 end
[DIAG] Stress iteration 19/25 start
[DEBUG] Cleanup: start
[DOM_CLEANUP] wrappers=2540 nodes=2540
[DOM_CLEANUP] after clear wrappers=0 nodes=0
[DEBUG] Freeing JSContext and JSRuntime
[DEBUG] Cleanup: end
[DIAG] Stress iteration 19/25 end
[DIAG] Stress iteration 20/25 start
[DEBUG] Cleanup: start
[DOM_CLEANUP] wrappers=2540 nodes=2540
[DOM_CLEANUP] after clear wrappers=0 nodes=0
[DEBUG] Freeing JSContext and JSRuntime
[DEBUG] Cleanup: end
[DIAG] Stress iteration 20/25 end
[DIAG] Stress iteration 21/25 start
[DEBUG] Cleanup: start
[DOM_CLEANUP] wrappers=2540 nodes=2540
[DOM_CLEANUP] after clear wrappers=0 nodes=0
[DEBUG] Freeing JSContext and JSRuntime
[DEBUG] Cleanup: end
[DIAG] Stress iteration 21/25 end
[DIAG] Stress iteration 22/25 start
[DEBUG] Cleanup: start
[DOM_CLEANUP] wrappers=2540 nodes=2540
[DOM_CLEANUP] after clear wrappers=0 nodes=0
[DEBUG] Freeing JSContext and JSRuntime
[DEBUG] Cleanup: end
[DIAG] Stress iteration 22/25 end
[DIAG] Stress iteration 23/25 start
[DEBUG] Cleanup: start
[DOM_CLEANUP] wrappers=2540 nodes=2540
[DOM_CLEANUP] after clear wrappers=0 nodes=0
[DEBUG] Freeing JSContext and JSRuntime
[DEBUG] Cleanup: end
[DIAG] Stress iteration 23/25 end
[DIAG] Stress iteration 24/25 start
[DEBUG] Cleanup: start
[DOM_CLEANUP] wrappers=2540 nodes=2540
[DOM_CLEANUP] after clear wrappers=0 nodes=0
[DEBUG] Freeing JSContext and JSRuntime
[DEBUG] Cleanup: end
[DIAG] Stress iteration 24/25 end
[DIAG] Stress iteration 25/25 start
[DEBUG] Cleanup: start
[DOM_CLEANUP] wrappers=2540 nodes=2540
[DOM_CLEANUP] after clear wrappers=0 nodes=0
[DEBUG] Freeing JSContext and JSRuntime
[DEBUG] Cleanup: end
[DIAG] Stress iteration 25/25 end
[DIAG] atexit handler running (normal process teardown)
[DIAG] static destructor executed
